Build started 5/19/2016 7:52:56 PM.
     1>Project "C:\Users\Carson\Documents\Carson\School\EE 1301\Practice\Orbit\Orbit.vcxproj" on node 2 (Build target(s)).
     1>ClCompile:
         C:\Program Files (x86)\Microsoft Visual Studio 14.0\VC\bin\CL.exe /c /Zi /nologo /W3 /WX- /sdl /O2 /Oi /Oy- /GL /D WIN32 /D NDEBUG /D _WINDOWS /D _UNICODE /D UNICODE /Gm- /EHsc /MD /GS /Gy /fp:precise /Zc:wchar_t /Zc:forScope /Zc:inline /Yc"stdafx.h" /Fp"Release\Orbit.pch" /Fo"Release\\" /Fd"Release\vc140.pdb" /Gd /TP /analyze- /errorReport:prompt stdafx.cpp
         stdafx.cpp
         C:\Program Files (x86)\Microsoft Visual Studio 14.0\VC\bin\CL.exe /c /Zi /nologo /W3 /WX- /sdl /O2 /Oi /Oy- /GL /D WIN32 /D NDEBUG /D _WINDOWS /D _UNICODE /D UNICODE /Gm- /EHsc /MD /GS /Gy /fp:precise /Zc:wchar_t /Zc:forScope /Zc:inline /Yu"stdafx.h" /Fp"Release\Orbit.pch" /Fo"Release\\" /Fd"Release\vc140.pdb" /Gd /TP /analyze- /errorReport:prompt Orbit.cpp galaxy.cpp star.cpp universe.cpp
         Orbit.cpp
     1>Orbit.cpp(35): warning C4244: 'argument': conversion from 'time_t' to 'unsigned int', possible loss of data
     1>Orbit.cpp(192): warning C4244: 'argument': conversion from 'double' to 'DWORD', possible loss of data
         galaxy.cpp
     1>galaxy.cpp(154): warning C4244: 'argument': conversion from 'double' to 'int', possible loss of data
     1>galaxy.cpp(161): warning C4244: 'argument': conversion from 'double' to 'int', possible loss of data
     1>galaxy.cpp(175): warning C4244: 'argument': conversion from 'double' to 'int', possible loss of data
     1>galaxy.cpp(180): warning C4244: 'argument': conversion from 'double' to 'int', possible loss of data
     1>galaxy.cpp(190): warning C4244: '=': conversion from 'double' to 'LONG', possible loss of data
     1>galaxy.cpp(191): warning C4244: '=': conversion from 'double' to 'LONG', possible loss of data
     1>galaxy.cpp(192): warning C4244: '=': conversion from 'double' to 'LONG', possible loss of data
     1>galaxy.cpp(193): warning C4244: '=': conversion from 'double' to 'LONG', possible loss of data
         star.cpp
     1>star.cpp(223): warning C4244: 'argument': conversion from 'double' to 'int', possible loss of data
     1>star.cpp(230): warning C4244: 'argument': conversion from 'double' to 'int', possible loss of data
     1>star.cpp(243): warning C4244: 'argument': conversion from 'double' to 'int', possible loss of data
     1>star.cpp(248): warning C4244: 'argument': conversion from 'double' to 'int', possible loss of data
     1>star.cpp(257): warning C4244: '=': conversion from 'double' to 'LONG', possible loss of data
     1>star.cpp(258): warning C4244: '=': conversion from 'double' to 'LONG', possible loss of data
     1>star.cpp(259): warning C4244: '=': conversion from 'double' to 'LONG', possible loss of data
     1>star.cpp(260): warning C4244: '=': conversion from 'double' to 'LONG', possible loss of data
         universe.cpp
       Link:
         C:\Program Files (x86)\Microsoft Visual Studio 14.0\VC\bin\link.exe /ERRORREPORT:PROMPT /OUT:"C:\Users\Carson\Documents\Carson\School\EE 1301\Practice\Release\Orbit.exe" /INCREMENTAL:NO /NOLOGO kernel32.lib user32.lib gdi32.lib winspool.lib comdlg32.lib advapi32.lib shell32.lib ole32.lib oleaut32.lib uuid.lib odbc32.lib odbccp32.lib /MANIFEST /MANIFESTUAC:"level='asInvoker' uiAccess='false'" /manifest:embed /Debug /PDB:"C:\Users\Carson\Documents\Carson\School\EE 1301\Practice\Release\Orbit.pdb" /SUBSYSTEM:WINDOWS /OPT:REF /OPT:ICF /LTCG:incremental /TLBID:1 /DYNAMICBASE /NXCOMPAT /IMPLIB:"C:\Users\Carson\Documents\Carson\School\EE 1301\Practice\Release\Orbit.lib" /MACHINE:X86 /SAFESEH Release\Orbit.res
         Release\galaxy.obj
         Release\Orbit.obj
         Release\star.obj
         Release\stdafx.obj
         Release\universe.obj
         Generating code
         0 of 24 functions ( 0.0%) were compiled, the rest were copied from previous compilation.
           0 functions were new in current compilation
           0 functions had inline decision re-evaluated but remain unchanged
         Finished generating code
         Orbit.vcxproj -> C:\Users\Carson\Documents\Carson\School\EE 1301\Practice\Release\Orbit.exe
     1>Done Building Project "C:\Users\Carson\Documents\Carson\School\EE 1301\Practice\Orbit\Orbit.vcxproj" (Build target(s)).

Build succeeded.

Time Elapsed 00:00:06.28
