Build started 11/9/2015 7:36:40 PM.
     1>Project "C:\Users\Carson\Documents\Carson\School\EE 1301\Practice\Accelerating Circle\Accelerating Circle.vcxproj" on node 4 (Build target(s)).
     1>C:\Program Files (x86)\MSBuild\Microsoft.Cpp\v4.0\V140\Microsoft.CppBuild.targets(392,5): warning MSB8028: The intermediate directory (Debug\) contains files shared from another project (Accelerating Circle.vcxproj).  This can lead to incorrect clean and rebuild behavior.
     1>ClCompile:
         C:\Program Files (x86)\Microsoft Visual Studio 14.0\VC\bin\CL.exe /c /ZI /nologo /W3 /WX- /sdl /Od /Oy- /D WIN32 /D _DEBUG /D _WINDOWS /D _UNICODE /D UNICODE /Gm /EHsc /RTC1 /MDd /GS /fp:precise /Zc:wchar_t /Zc:forScope /Zc:inline /Yc"stdafx.h" /Fp"Debug\Atoms.pch" /Fo"Debug\\" /Fd"Debug\vc140.pdb" /Gd /TP /analyze- /errorReport:prompt stdafx.cpp
         stdafx.cpp
         C:\Program Files (x86)\Microsoft Visual Studio 14.0\VC\bin\CL.exe /c /ZI /nologo /W3 /WX- /sdl /Od /Oy- /D WIN32 /D _DEBUG /D _WINDOWS /D _UNICODE /D UNICODE /Gm /EHsc /RTC1 /MDd /GS /fp:precise /Zc:wchar_t /Zc:forScope /Zc:inline /Yu"stdafx.h" /Fp"Debug\Atoms.pch" /Fo"Debug\\" /Fd"Debug\vc140.pdb" /Gd /TP /analyze- /errorReport:prompt "Accelerating Circle.cpp"
         Accelerating Circle.cpp
     1>c:\users\carson\documents\carson\school\ee 1301\practice\accelerating circle\accelerating circle.cpp(217): warning C4244: 'argument': conversion from 'double' to 'int', possible loss of data
       ResourceCompile:
         C:\Program Files (x86)\Windows Kits\8.1\bin\x86\rc.exe /D _UNICODE /D UNICODE /l"0x0409" /nologo /fo"Debug\Accelerating Circle.res" "Accelerating Circle.rc" 
       Link:
         C:\Program Files (x86)\Microsoft Visual Studio 14.0\VC\bin\link.exe /ERRORREPORT:PROMPT /OUT:"C:\Users\Carson\Documents\Carson\School\EE 1301\Practice\Debug\Atoms.exe" /INCREMENTAL /NOLOGO kernel32.lib user32.lib gdi32.lib winspool.lib comdlg32.lib advapi32.lib shell32.lib ole32.lib oleaut32.lib uuid.lib odbc32.lib odbccp32.lib /MANIFEST /MANIFESTUAC:"level='asInvoker' uiAccess='false'" /manifest:embed /Debug /PDB:"C:\Users\Carson\Documents\Carson\School\EE 1301\Practice\Debug\Atoms.pdb" /SUBSYSTEM:WINDOWS /TLBID:1 /DYNAMICBASE /NXCOMPAT /IMPLIB:"C:\Users\Carson\Documents\Carson\School\EE 1301\Practice\Debug\Atoms.lib" /MACHINE:X86 "Debug\Accelerating Circle.res"
         "Debug\Accelerating Circle.obj"
         Debug\stdafx.obj
         LINK : C:\Users\Carson\Documents\Carson\School\EE 1301\Practice\Debug\Atoms.exe not found or not built by the last incremental link; performing full link
         Accelerating Circle.vcxproj -> C:\Users\Carson\Documents\Carson\School\EE 1301\Practice\Debug\Atoms.exe
     1>Done Building Project "C:\Users\Carson\Documents\Carson\School\EE 1301\Practice\Accelerating Circle\Accelerating Circle.vcxproj" (Build target(s)).

Build succeeded.

Time Elapsed 00:00:07.69
