Build started 11/9/2015 7:36:40 PM.
     1>Project "C:\Users\Carson\Documents\Carson\School\EE 1301\Practice\spaceship\spaceship.vcxproj" on node 5 (Build target(s)).
     1>ClCompile:
         C:\Program Files (x86)\Microsoft Visual Studio 14.0\VC\bin\CL.exe /c /ZI /nologo /W3 /WX- /sdl /Od /Oy- /D WIN32 /D _DEBUG /D _WINDOWS /D _UNICODE /D UNICODE /Gm /EHsc /RTC1 /MDd /GS /fp:precise /Zc:wchar_t /Zc:forScope /Zc:inline /Yc"stdafx.h" /Fp"Debug\spaceship.pch" /Fo"Debug\\" /Fd"Debug\vc140.pdb" /Gd /TP /analyze- /errorReport:prompt stdafx.cpp
         stdafx.cpp
         C:\Program Files (x86)\Microsoft Visual Studio 14.0\VC\bin\CL.exe /c /ZI /nologo /W3 /WX- /sdl /Od /Oy- /D WIN32 /D _DEBUG /D _WINDOWS /D _UNICODE /D UNICODE /Gm /EHsc /RTC1 /MDd /GS /fp:precise /Zc:wchar_t /Zc:forScope /Zc:inline /Yu"stdafx.h" /Fp"Debug\spaceship.pch" /Fo"Debug\\" /Fd"Debug\vc140.pdb" /Gd /TP /analyze- /errorReport:prompt spaceship.cpp
         spaceship.cpp
     1>c:\users\carson\documents\carson\school\ee 1301\practice\spaceship\spaceship.cpp(222): warning C4244: '=': conversion from 'double' to 'int', possible loss of data
     1>c:\users\carson\documents\carson\school\ee 1301\practice\spaceship\spaceship.cpp(223): warning C4244: '=': conversion from 'double' to 'int', possible loss of data
     1>c:\users\carson\documents\carson\school\ee 1301\practice\spaceship\spaceship.cpp(225): warning C4244: '=': conversion from 'double' to 'int', possible loss of data
     1>c:\users\carson\documents\carson\school\ee 1301\practice\spaceship\spaceship.cpp(226): warning C4244: '=': conversion from 'double' to 'int', possible loss of data
     1>c:\users\carson\documents\carson\school\ee 1301\practice\spaceship\spaceship.cpp(228): warning C4244: '=': conversion from 'double' to 'int', possible loss of data
     1>c:\users\carson\documents\carson\school\ee 1301\practice\spaceship\spaceship.cpp(229): warning C4244: '=': conversion from 'double' to 'int', possible loss of data
     1>c:\users\carson\documents\carson\school\ee 1301\practice\spaceship\spaceship.cpp(231): warning C4244: '=': conversion from 'double' to 'int', possible loss of data
     1>c:\users\carson\documents\carson\school\ee 1301\practice\spaceship\spaceship.cpp(232): warning C4244: '=': conversion from 'double' to 'int', possible loss of data
     1>c:\users\carson\documents\carson\school\ee 1301\practice\spaceship\spaceship.cpp(242): warning C4244: '=': conversion from 'double' to 'int', possible loss of data
     1>c:\users\carson\documents\carson\school\ee 1301\practice\spaceship\spaceship.cpp(243): warning C4244: '=': conversion from 'double' to 'int', possible loss of data
     1>c:\users\carson\documents\carson\school\ee 1301\practice\spaceship\spaceship.cpp(245): warning C4244: '=': conversion from 'double' to 'int', possible loss of data
     1>c:\users\carson\documents\carson\school\ee 1301\practice\spaceship\spaceship.cpp(246): warning C4244: '=': conversion from 'double' to 'int', possible loss of data
     1>c:\users\carson\documents\carson\school\ee 1301\practice\spaceship\spaceship.cpp(248): warning C4244: '=': conversion from 'double' to 'int', possible loss of data
     1>c:\users\carson\documents\carson\school\ee 1301\practice\spaceship\spaceship.cpp(249): warning C4244: '=': conversion from 'double' to 'int', possible loss of data
     1>c:\users\carson\documents\carson\school\ee 1301\practice\spaceship\spaceship.cpp(251): warning C4244: '=': conversion from 'double' to 'int', possible loss of data
     1>c:\users\carson\documents\carson\school\ee 1301\practice\spaceship\spaceship.cpp(252): warning C4244: '=': conversion from 'double' to 'int', possible loss of data
     1>c:\users\carson\documents\carson\school\ee 1301\practice\spaceship\spaceship.cpp(264): warning C4715: 'Spaceship::shipAngle': not all control paths return a value
       ResourceCompile:
         C:\Program Files (x86)\Windows Kits\8.1\bin\x86\rc.exe /D _UNICODE /D UNICODE /l"0x0409" /nologo /fo"Debug\spaceship.res" spaceship.rc 
       Link:
         C:\Program Files (x86)\Microsoft Visual Studio 14.0\VC\bin\link.exe /ERRORREPORT:PROMPT /OUT:"C:\Users\Carson\Documents\Carson\School\EE 1301\Practice\Debug\spaceship.exe" /INCREMENTAL /NOLOGO kernel32.lib user32.lib gdi32.lib winspool.lib comdlg32.lib advapi32.lib shell32.lib ole32.lib oleaut32.lib uuid.lib odbc32.lib odbccp32.lib /MANIFEST /MANIFESTUAC:"level='asInvoker' uiAccess='false'" /manifest:embed /Debug /PDB:"C:\Users\Carson\Documents\Carson\School\EE 1301\Practice\Debug\spaceship.pdb" /SUBSYSTEM:WINDOWS /TLBID:1 /DYNAMICBASE /NXCOMPAT /IMPLIB:"C:\Users\Carson\Documents\Carson\School\EE 1301\Practice\Debug\spaceship.lib" /MACHINE:X86 Debug\spaceship.res
         Debug\spaceship.obj
         Debug\stdafx.obj
         LINK : C:\Users\Carson\Documents\Carson\School\EE 1301\Practice\Debug\spaceship.exe not found or not built by the last incremental link; performing full link
         spaceship.vcxproj -> C:\Users\Carson\Documents\Carson\School\EE 1301\Practice\Debug\spaceship.exe
     1>Done Building Project "C:\Users\Carson\Documents\Carson\School\EE 1301\Practice\spaceship\spaceship.vcxproj" (Build target(s)).

Build succeeded.

Time Elapsed 00:00:05.20
